Arguments: 
  C:\Program Files\nodejs\node.exe C:\Users\Trist\AppData\Roaming\npm\node_modules\yarn\bin\yarn.js add cookie-parser debug ejs express http-errors morgan

PATH: 
  C:\Program Files\Common Files\Oracle\Java\javapath;C:\Program Files (x86)\VMware\VMware Workstation\bin\;C:\WINDOWS\system32;C:\WINDOWS;C:\WINDOWS\System32\Wbem;C:\WINDOWS\System32\WindowsPowerShell\v1.0\;C:\WINDOWS\System32\OpenSSH\;C:\Program Files\NVIDIA Corporation\NVIDIA NvDLISR;C:\Program Files (x86)\NVIDIA Corporation\PhysX\Common;C:\Program Files\Microsoft SQL Server\Client SDK\ODBC\170\Tools\Binn\;C:\Program Files (x86)\Microsoft SQL Server\150\Tools\Binn\;C:\Program Files\Microsoft SQL Server\150\Tools\Binn\;C:\Program Files\Microsoft SQL Server\150\DTS\Binn\;C:\WINDOWS\system32;C:\WINDOWS;C:\WINDOWS\System32\Wbem;C:\WINDOWS\System32\WindowsPowerShell\v1.0\;C:\WINDOWS\System32\OpenSSH\;C:\Program Files\Microsoft SQL Server\130\Tools\Binn\;C:\MinGW\bin,;C:\MinGW\msys\1.0\bin;C:\MinGW\bin;C:\Program Files\dotnet\;C:\Program Files\Git\cmd;C:\Program Files\Git\mingw64\bin;C:\Program Files\Git\usr\bin;C:\Program Files\nodejs\;C:\Program Files (x86)\Microsoft SQL Server\150\DTS\Binn\;C:\Program Files\Azure Data Studio\bin;C:\Users\Trist\AppData\Local\Programs\Python\Python310\Scripts\;C:\Users\Trist\AppData\Local\Programs\Python\Python310\;C:\Program Files\MySQL\MySQL Shell 8.0\bin\;C:\Users\Trist\AppData\Local\Microsoft\WindowsApps;C:\Users\Trist\AppData\Local\Programs\Microsoft VS Code\bin;C:\Users\Trist\.dotnet\tools;C:\Program Files\JetBrains\PhpStorm 2021.2.2\bin;;C:\Users\Trist\AppData\Roaming\npm;C:\Program Files\Azure Data Studio\bin

Yarn version: 
  1.22.17

Node version: 
  17.3.1

Platform: 
  win32 x64

Trace: 
  SyntaxError: C:\Users\Trist\Documents\current courses\WEBD6201\Week-1c\Temp\package.json: Unexpected end of JSON input
      at JSON.parse (<anonymous>)
      at C:\Users\Trist\AppData\Roaming\npm\node_modules\yarn\lib\cli.js:1625:59
      at Generator.next (<anonymous>)
      at step (C:\Users\Trist\AppData\Roaming\npm\node_modules\yarn\lib\cli.js:310:30)
      at C:\Users\Trist\AppData\Roaming\npm\node_modules\yarn\lib\cli.js:321:13

npm manifest: 
  {
  "name": "webd6201-w2022-ice10",
    "version": "1.0.0",
    "description": "demo project for ice10",
    "main": "server.js",
    "author": "Tristan Mckone",
    "license": "MIT",
    "scripts": {
      "start": "node server.js"
    },
    "dependencies": {
      "@fortawesome/fontawesome-free": "^5.15.4",
      "@popperjs/core": "^2.11.2",
      "bootstrap": "^5.1.3",
      "cookie-parser": "~1.4.4",
      "debug": "~2.6.9",
      "ejs": "~2.6.1",
      "express": "~4.16.1",
      "http-errors": "~1.6.3",
      "morgan": "~1.9.1",
      "jquery": "^3.6.0"
    },
    "devDependencies": {
      "@types/express": "^4.17.13",
      "@types/jquery": "^3.5.14",
      "@types/mime-types": "^2.1.1",
      "@types/node": "^17.0.21"
  }

yarn manifest: 
  No manifest

Lockfile: 
  No lockfile
